<?xml version="1.0" encoding="UTF-8"?>
<!-- Generated by org.testng.reporters.JUnitReportReporter -->
<testsuite hostname="5CD144C87X" failures="0" tests="1" name="com.testCases.MobileTest" time="17.492" errors="0" timestamp="2023-07-07T19:10:30 IST" skipped="0">
  <testcase classname="com.testCases.MobileTest" name="mobilePageTest" time="17.492"/>
  <system-out/>
</testsuite> <!-- com.testCases.MobileTest -->
