<?xml version="1.0" encoding="UTF-8"?>
<!-- Generated by org.testng.reporters.JUnitReportReporter -->
<testsuite hostname="5CD144C87X" failures="0" tests="1" name="com.testCases.HomeTest" time="6.980" errors="0" timestamp="2023-07-07T19:10:30 IST" skipped="0">
  <testcase classname="com.testCases.HomeTest" name="homePageTest" time="6.980"/>
  <system-out/>
</testsuite> <!-- com.testCases.HomeTest -->
