<?xml version="1.0" encoding="UTF-8"?>
<!-- Generated by org.testng.reporters.JUnitReportReporter -->
<testsuite hostname="5CD144C87X" failures="0" tests="1" name="com.testCases.HomeTest" time="0.000" errors="0" timestamp="2023-07-11T12:31:46 IST" skipped="1">
  <testcase classname="com.testCases.HomeTest" name="homePageTest" time="0.000">
    <skipped/>
  </testcase> <!-- homePageTest -->
  <system-out/>
</testsuite> <!-- com.testCases.HomeTest -->
